<?xml version="1.0" encoding="UTF-8"?>
<testng-results skipped="0" failed="0" ignored="0" total="1" passed="1">
  <reporter-output>
  </reporter-output>
  <suite name="basicflow.AppTest" duration-ms="123882" started-at="2019-11-25T05:58:10Z" finished-at="2019-11-25T06:00:14Z">
    <groups>
    </groups>
    <test name="Command line test" duration-ms="123882" started-at="2019-11-25T05:58:10Z" finished-at="2019-11-25T06:00:14Z">
      <class name="basicflow.AppTest">
        <test-method status="PASS" signature="FirstTest()[pri:0, instance:basicflow.AppTest@3a82f6ef]" name="FirstTest" duration-ms="123819" started-at="2019-11-25T05:58:10Z" finished-at="2019-11-25T06:00:14Z">
          <reporter-output>
          </reporter-output>
        </test-method> <!-- FirstTest -->
      </class> <!-- basicflow.AppTest -->
    </test> <!-- Command line test -->
  </suite> <!-- basicflow.AppTest -->
</testng-results>
